<?xml version="1.0" encoding="UTF-8"?>
<!-- Generated by org.testng.reporters.JUnitReportReporter -->
<testsuite skipped="0" hostname="RAHUL-PC" name="com.fres.test.InvalidLogin" tests="1" failures="0" timestamp="21 Aug 2017 17:16:49 GMT" time="15.121" errors="0">
  <testcase name="testInvalidLogin" time="15.121" classname="com.fres.test.InvalidLogin"/>
</testsuite> <!-- com.fres.test.InvalidLogin -->
