<?xml version="1.0" encoding="UTF-8"?>
<!-- Generated by org.testng.reporters.JUnitReportReporter -->
<testsuite skipped="0" hostname="RAHUL-PC" name="com.fres.test.ValidLogin" tests="1" failures="0" timestamp="21 Aug 2017 17:16:49 GMT" time="11.490" errors="0">
  <testcase name="testValidLogin" time="11.490" classname="com.fres.test.ValidLogin"/>
</testsuite> <!-- com.fres.test.ValidLogin -->
